[2023-11-18T19:57:02.917] [ERROR] errorArchive - CastError: Cast to Number failed for value "0487 368 998" (type string) at path "telefono" for model "User"
    at model.Query.exec (C:\Users\Alé\OneDrive\Escritorio\programacion\Backend\Proyectofinalterminado\Ecommerce-In-Node\node_modules\mongoose\lib\query.js:4884:21)
    at Query.then (C:\Users\Alé\OneDrive\Escritorio\programacion\Backend\Proyectofinalterminado\Ecommerce-In-Node\node_modules\mongoose\lib\query.js:4983:15) {
  messageFormat: undefined,
  stringValue: '"0487 368 998"',
  kind: 'Number',
  value: '0487 368 998',
  path: 'telefono',
  reason: AssertionError [ERR_ASSERTION]: The expression evaluated to a falsy value:
  
    assert.ok(!isNaN(val))
  
      at castNumber (C:\Users\Alé\OneDrive\Escritorio\programacion\Backend\Proyectofinalterminado\Ecommerce-In-Node\node_modules\mongoose\lib\cast\number.js:27:10)
      at SchemaNumber.cast (C:\Users\Alé\OneDrive\Escritorio\programacion\Backend\Proyectofinalterminado\Ecommerce-In-Node\node_modules\mongoose\lib\schema\number.js:376:12)
      at SchemaType.applySetters (C:\Users\Alé\OneDrive\Escritorio\programacion\Backend\Proyectofinalterminado\Ecommerce-In-Node\node_modules\mongoose\lib\schematype.js:1201:12)
      at SchemaType._castForQuery (C:\Users\Alé\OneDrive\Escritorio\programacion\Backend\Proyectofinalterminado\Ecommerce-In-Node\node_modules\mongoose\lib\schematype.js:1648:15)
      at SchemaNumber.castForQuery (C:\Users\Alé\OneDrive\Escritorio\programacion\Backend\Proyectofinalterminado\Ecommerce-In-Node\node_modules\mongoose\lib\schema\number.js:430:14)
      at SchemaType.castForQueryWrapper (C:\Users\Alé\OneDrive\Escritorio\programacion\Backend\Proyectofinalterminado\Ecommerce-In-Node\node_modules\mongoose\lib\schematype.js:1612:20)
      at cast (C:\Users\Alé\OneDrive\Escritorio\programacion\Backend\Proyectofinalterminado\Ecommerce-In-Node\node_modules\mongoose\lib\cast.js:347:32)
      at cast (C:\Users\Alé\OneDrive\Escritorio\programacion\Backend\Proyectofinalterminado\Ecommerce-In-Node\node_modules\mongoose\lib\cast.js:71:18)
      at Query.cast (C:\Users\Alé\OneDrive\Escritorio\programacion\Backend\Proyectofinalterminado\Ecommerce-In-Node\node_modules\mongoose\lib\query.js:5312:12)
      at Query._castConditions (C:\Users\Alé\OneDrive\Escritorio\programacion\Backend\Proyectofinalterminado\Ecommerce-In-Node\node_modules\mongoose\lib\query.js:2199:10) {
    generatedMessage: true,
    code: 'ERR_ASSERTION',
    actual: false,
    expected: true,
    operator: '=='
  },
  valueType: 'string'
}
